2019-04-02 10:40:37,328 - INFO:当前的项目为,当前的页数为1
2019-04-02 10:40:37,467 - INFO:系统共有参数：[{'id': 12, 'key': 'ip', 'value': 'test-sci-gateway.speiyou.com'}, {'id': 20, 'key': 'area', 'value': '010'}]
2019-04-02 10:40:37,675 - INFO:获取系统的项目信息为：{1: '0314课中', 2: '未来黑板', 3: '鹰眼计划', 4: '123', 5: '1.6备课接口设计', 6: '0905', 7: '课后', 8: '双师英语', 9: '1206课中', 10: '1206未来黑板', 11: '1210双师在线', 14: '直播端接口', 15: 'test', 16: '理科备播3月份项目', 17: '语文在线', 18: 'shuangshiceshi', 34: '321', 35: '双师英语bk', 38: '123456', 39: '190325未来黑板下线接口'}
2019-04-02 10:40:37,685 - INFO:获取的项目为：
2019-04-02 10:40:37,743 - INFO:获取的项目为：
2019-04-02 10:40:37,850 - INFO:获取系统的项目信息为：[{'id': 1, 'name': '0314课中', 'num': 42}, {'id': 2, 'name': '未来黑板', 'num': 25}, {'id': 3, 'name': '鹰眼计划', 'num': 8}, {'id': 4, 'name': '123', 'num': 1}, {'id': 5, 'name': '1.6备课接口设计', 'num': 16}, {'id': 6, 'name': '0905', 'num': 14}, {'id': 7, 'name': '课后', 'num': 0}, {'id': 8, 'name': '双师英语', 'num': 5}, {'id': 9, 'name': '1206课中', 'num': 29}, {'id': 10, 'name': '1206未来黑板', 'num': 21}, {'id': 11, 'name': '1210双师在线', 'num': 17}, {'id': 14, 'name': '直播端接口', 'num': 14}, {'id': 15, 'name': 'test', 'num': 29}, {'id': 16, 'name': '理科备播3月份项目', 'num': 3}, {'id': 17, 'name': '语文在线', 'num': 19}, {'id': 18, 'name': 'shuangshiceshi', 'num': 4}, {'id': 34, 'name': '321', 'num': 1}, {'id': 35, 'name': '双师英语bk', 'num': 5}, {'id': 38, 'name': '123456', 'num': 1}, {'id': 39, 'name': '190325未来黑板下线接口', 'num': 7}]
2019-04-02 10:41:38,886 - INFO:当前的项目为,当前的页数为1
2019-04-02 10:41:38,895 - INFO:系统共有参数：[{'id': 12, 'key': 'ip', 'value': 'test-sci-gateway.speiyou.com'}, {'id': 20, 'key': 'area', 'value': '010'}]
2019-04-02 10:41:39,238 - INFO:获取系统的项目信息为：{1: '0314课中', 2: '未来黑板', 3: '鹰眼计划', 4: '123', 5: '1.6备课接口设计', 6: '0905', 7: '课后', 8: '双师英语', 9: '1206课中', 10: '1206未来黑板', 11: '1210双师在线', 14: '直播端接口', 15: 'test', 16: '理科备播3月份项目', 17: '语文在线', 18: 'shuangshiceshi', 34: '321', 35: '双师英语bk', 38: '123456', 39: '190325未来黑板下线接口'}
2019-04-02 10:41:39,256 - INFO:获取的项目为：
2019-04-02 10:41:39,286 - INFO:获取的项目为：
2019-04-02 10:41:39,348 - INFO:获取系统的项目信息为：[{'id': 1, 'name': '0314课中', 'num': 42}, {'id': 2, 'name': '未来黑板', 'num': 25}, {'id': 3, 'name': '鹰眼计划', 'num': 8}, {'id': 4, 'name': '123', 'num': 1}, {'id': 5, 'name': '1.6备课接口设计', 'num': 16}, {'id': 6, 'name': '0905', 'num': 14}, {'id': 7, 'name': '课后', 'num': 0}, {'id': 8, 'name': '双师英语', 'num': 5}, {'id': 9, 'name': '1206课中', 'num': 29}, {'id': 10, 'name': '1206未来黑板', 'num': 21}, {'id': 11, 'name': '1210双师在线', 'num': 17}, {'id': 14, 'name': '直播端接口', 'num': 14}, {'id': 15, 'name': 'test', 'num': 29}, {'id': 16, 'name': '理科备播3月份项目', 'num': 3}, {'id': 17, 'name': '语文在线', 'num': 19}, {'id': 18, 'name': 'shuangshiceshi', 'num': 4}, {'id': 34, 'name': '321', 'num': 1}, {'id': 35, 'name': '双师英语bk', 'num': 5}, {'id': 38, 'name': '123456', 'num': 1}, {'id': 39, 'name': '190325未来黑板下线接口', 'num': 7}]
2019-04-02 10:41:47,366 - INFO:导出的项目名称为
2019-04-02 10:41:47,419 - ERROR:invalid literal for int() with base 10: ''
2019-04-02 10:42:30,610 - INFO:当前的项目为,当前的页数为1
2019-04-02 10:42:30,677 - INFO:系统共有参数：[{'id': 12, 'key': 'ip', 'value': 'test-sci-gateway.speiyou.com'}, {'id': 20, 'key': 'area', 'value': '010'}]
2019-04-02 10:42:30,830 - INFO:获取系统的项目信息为：{1: '0314课中', 2: '未来黑板', 3: '鹰眼计划', 4: '123', 5: '1.6备课接口设计', 6: '0905', 7: '课后', 8: '双师英语', 9: '1206课中', 10: '1206未来黑板', 11: '1210双师在线', 14: '直播端接口', 15: 'test', 16: '理科备播3月份项目', 17: '语文在线', 18: 'shuangshiceshi', 34: '321', 35: '双师英语bk', 38: '123456', 39: '190325未来黑板下线接口'}
2019-04-02 10:42:30,845 - INFO:获取的项目为：
2019-04-02 10:42:30,878 - INFO:获取的项目为：
2019-04-02 10:42:30,931 - INFO:获取系统的项目信息为：[{'id': 1, 'name': '0314课中', 'num': 42}, {'id': 2, 'name': '未来黑板', 'num': 25}, {'id': 3, 'name': '鹰眼计划', 'num': 8}, {'id': 4, 'name': '123', 'num': 1}, {'id': 5, 'name': '1.6备课接口设计', 'num': 16}, {'id': 6, 'name': '0905', 'num': 14}, {'id': 7, 'name': '课后', 'num': 0}, {'id': 8, 'name': '双师英语', 'num': 5}, {'id': 9, 'name': '1206课中', 'num': 29}, {'id': 10, 'name': '1206未来黑板', 'num': 21}, {'id': 11, 'name': '1210双师在线', 'num': 17}, {'id': 14, 'name': '直播端接口', 'num': 14}, {'id': 15, 'name': 'test', 'num': 29}, {'id': 16, 'name': '理科备播3月份项目', 'num': 3}, {'id': 17, 'name': '语文在线', 'num': 19}, {'id': 18, 'name': 'shuangshiceshi', 'num': 4}, {'id': 34, 'name': '321', 'num': 1}, {'id': 35, 'name': '双师英语bk', 'num': 5}, {'id': 38, 'name': '123456', 'num': 1}, {'id': 39, 'name': '190325未来黑板下线接口', 'num': 7}]
2019-04-02 10:42:35,918 - INFO:导出的项目名称为
2019-04-02 10:42:35,932 - ERROR:invalid literal for int() with base 10: ''
2019-04-02 10:43:06,350 - INFO:当前的项目为,当前的页数为1
2019-04-02 10:43:06,447 - INFO:系统共有参数：[{'id': 12, 'key': 'ip', 'value': 'test-sci-gateway.speiyou.com'}, {'id': 20, 'key': 'area', 'value': '010'}]
2019-04-02 10:43:06,881 - INFO:获取的项目为：
2019-04-02 10:43:07,011 - INFO:获取的项目为：
2019-04-02 10:43:58,333 - INFO:获取系统的项目信息为：{1: '0314课中', 2: '未来黑板', 3: '鹰眼计划', 4: '123', 5: '1.6备课接口设计', 6: '0905', 7: '课后', 8: '双师英语', 9: '1206课中', 10: '1206未来黑板', 11: '1210双师在线', 14: '直播端接口', 15: 'test', 16: '理科备播3月份项目', 17: '语文在线', 18: 'shuangshiceshi', 34: '321', 35: '双师英语bk', 38: '123456', 39: '190325未来黑板下线接口'}
2019-04-02 10:43:58,476 - INFO:获取系统的项目信息为：[{'id': 1, 'name': '0314课中', 'num': 42}, {'id': 2, 'name': '未来黑板', 'num': 25}, {'id': 3, 'name': '鹰眼计划', 'num': 8}, {'id': 4, 'name': '123', 'num': 1}, {'id': 5, 'name': '1.6备课接口设计', 'num': 16}, {'id': 6, 'name': '0905', 'num': 14}, {'id': 7, 'name': '课后', 'num': 0}, {'id': 8, 'name': '双师英语', 'num': 5}, {'id': 9, 'name': '1206课中', 'num': 29}, {'id': 10, 'name': '1206未来黑板', 'num': 21}, {'id': 11, 'name': '1210双师在线', 'num': 17}, {'id': 14, 'name': '直播端接口', 'num': 14}, {'id': 15, 'name': 'test', 'num': 29}, {'id': 16, 'name': '理科备播3月份项目', 'num': 3}, {'id': 17, 'name': '语文在线', 'num': 19}, {'id': 18, 'name': 'shuangshiceshi', 'num': 4}, {'id': 34, 'name': '321', 'num': 1}, {'id': 35, 'name': '双师英语bk', 'num': 5}, {'id': 38, 'name': '123456', 'num': 1}, {'id': 39, 'name': '190325未来黑板下线接口', 'num': 7}]
2019-04-02 10:44:30,469 - INFO:导出的项目名称为
2019-04-02 10:45:35,377 - ERROR:invalid literal for int() with base 10: ''
2019-04-02 10:45:55,878 - INFO:导出的项目名称为
2019-04-02 10:45:55,883 - ERROR:invalid literal for int() with base 10: ''
2019-04-02 10:46:00,448 - INFO:当前的项目为,当前的页数为1
2019-04-02 10:46:00,477 - INFO:系统共有参数：[{'id': 12, 'key': 'ip', 'value': 'test-sci-gateway.speiyou.com'}, {'id': 20, 'key': 'area', 'value': '010'}]
2019-04-02 10:46:00,654 - INFO:获取系统的项目信息为：{1: '0314课中', 2: '未来黑板', 3: '鹰眼计划', 4: '123', 5: '1.6备课接口设计', 6: '0905', 7: '课后', 8: '双师英语', 9: '1206课中', 10: '1206未来黑板', 11: '1210双师在线', 14: '直播端接口', 15: 'test', 16: '理科备播3月份项目', 17: '语文在线', 18: 'shuangshiceshi', 34: '321', 35: '双师英语bk', 38: '123456', 39: '190325未来黑板下线接口'}
2019-04-02 10:46:00,673 - INFO:获取的项目为：
2019-04-02 10:46:00,707 - INFO:获取的项目为：
2019-04-02 10:46:00,737 - INFO:获取系统的项目信息为：[{'id': 1, 'name': '0314课中', 'num': 42}, {'id': 2, 'name': '未来黑板', 'num': 25}, {'id': 3, 'name': '鹰眼计划', 'num': 8}, {'id': 4, 'name': '123', 'num': 1}, {'id': 5, 'name': '1.6备课接口设计', 'num': 16}, {'id': 6, 'name': '0905', 'num': 14}, {'id': 7, 'name': '课后', 'num': 0}, {'id': 8, 'name': '双师英语', 'num': 5}, {'id': 9, 'name': '1206课中', 'num': 29}, {'id': 10, 'name': '1206未来黑板', 'num': 21}, {'id': 11, 'name': '1210双师在线', 'num': 17}, {'id': 14, 'name': '直播端接口', 'num': 14}, {'id': 15, 'name': 'test', 'num': 29}, {'id': 16, 'name': '理科备播3月份项目', 'num': 3}, {'id': 17, 'name': '语文在线', 'num': 19}, {'id': 18, 'name': 'shuangshiceshi', 'num': 4}, {'id': 34, 'name': '321', 'num': 1}, {'id': 35, 'name': '双师英语bk', 'num': 5}, {'id': 38, 'name': '123456', 'num': 1}, {'id': 39, 'name': '190325未来黑板下线接口', 'num': 7}]
2019-04-02 10:46:23,748 - INFO:当前的项目为,当前的页数为1
2019-04-02 10:46:23,761 - INFO:系统共有参数：[{'id': 12, 'key': 'ip', 'value': 'test-sci-gateway.speiyou.com'}, {'id': 20, 'key': 'area', 'value': '010'}]
2019-04-02 10:46:23,943 - INFO:获取系统的项目信息为：{1: '0314课中', 2: '未来黑板', 3: '鹰眼计划', 4: '123', 5: '1.6备课接口设计', 6: '0905', 7: '课后', 8: '双师英语', 9: '1206课中', 10: '1206未来黑板', 11: '1210双师在线', 14: '直播端接口', 15: 'test', 16: '理科备播3月份项目', 17: '语文在线', 18: 'shuangshiceshi', 34: '321', 35: '双师英语bk', 38: '123456', 39: '190325未来黑板下线接口'}
2019-04-02 10:46:23,961 - INFO:获取的项目为：
2019-04-02 10:46:24,003 - INFO:获取的项目为：
2019-04-02 10:46:24,080 - INFO:获取系统的项目信息为：[{'id': 1, 'name': '0314课中', 'num': 42}, {'id': 2, 'name': '未来黑板', 'num': 25}, {'id': 3, 'name': '鹰眼计划', 'num': 8}, {'id': 4, 'name': '123', 'num': 1}, {'id': 5, 'name': '1.6备课接口设计', 'num': 16}, {'id': 6, 'name': '0905', 'num': 14}, {'id': 7, 'name': '课后', 'num': 0}, {'id': 8, 'name': '双师英语', 'num': 5}, {'id': 9, 'name': '1206课中', 'num': 29}, {'id': 10, 'name': '1206未来黑板', 'num': 21}, {'id': 11, 'name': '1210双师在线', 'num': 17}, {'id': 14, 'name': '直播端接口', 'num': 14}, {'id': 15, 'name': 'test', 'num': 29}, {'id': 16, 'name': '理科备播3月份项目', 'num': 3}, {'id': 17, 'name': '语文在线', 'num': 19}, {'id': 18, 'name': 'shuangshiceshi', 'num': 4}, {'id': 34, 'name': '321', 'num': 1}, {'id': 35, 'name': '双师英语bk', 'num': 5}, {'id': 38, 'name': '123456', 'num': 1}, {'id': 39, 'name': '190325未来黑板下线接口', 'num': 7}]
2019-04-02 10:46:24,549 - INFO:当前的项目为,当前的页数为1
2019-04-02 10:46:24,564 - INFO:系统共有参数：[{'id': 12, 'key': 'ip', 'value': 'test-sci-gateway.speiyou.com'}, {'id': 20, 'key': 'area', 'value': '010'}]
2019-04-02 10:46:24,992 - INFO:获取系统的项目信息为：{1: '0314课中', 2: '未来黑板', 3: '鹰眼计划', 4: '123', 5: '1.6备课接口设计', 6: '0905', 7: '课后', 8: '双师英语', 9: '1206课中', 10: '1206未来黑板', 11: '1210双师在线', 14: '直播端接口', 15: 'test', 16: '理科备播3月份项目', 17: '语文在线', 18: 'shuangshiceshi', 34: '321', 35: '双师英语bk', 38: '123456', 39: '190325未来黑板下线接口'}
2019-04-02 10:46:25,004 - INFO:获取的项目为：
2019-04-02 10:46:25,064 - INFO:获取系统的项目信息为：[{'id': 1, 'name': '0314课中', 'num': 42}, {'id': 2, 'name': '未来黑板', 'num': 25}, {'id': 3, 'name': '鹰眼计划', 'num': 8}, {'id': 4, 'name': '123', 'num': 1}, {'id': 5, 'name': '1.6备课接口设计', 'num': 16}, {'id': 6, 'name': '0905', 'num': 14}, {'id': 7, 'name': '课后', 'num': 0}, {'id': 8, 'name': '双师英语', 'num': 5}, {'id': 9, 'name': '1206课中', 'num': 29}, {'id': 10, 'name': '1206未来黑板', 'num': 21}, {'id': 11, 'name': '1210双师在线', 'num': 17}, {'id': 14, 'name': '直播端接口', 'num': 14}, {'id': 15, 'name': 'test', 'num': 29}, {'id': 16, 'name': '理科备播3月份项目', 'num': 3}, {'id': 17, 'name': '语文在线', 'num': 19}, {'id': 18, 'name': 'shuangshiceshi', 'num': 4}, {'id': 34, 'name': '321', 'num': 1}, {'id': 35, 'name': '双师英语bk', 'num': 5}, {'id': 38, 'name': '123456', 'num': 1}, {'id': 39, 'name': '190325未来黑板下线接口', 'num': 7}]
2019-04-02 10:46:25,075 - INFO:获取的项目为：
2019-04-02 10:46:28,584 - INFO:当前的项目为,当前的页数为1
2019-04-02 10:46:28,596 - INFO:系统共有参数：[{'id': 12, 'key': 'ip', 'value': 'test-sci-gateway.speiyou.com'}, {'id': 20, 'key': 'area', 'value': '010'}]
2019-04-02 10:46:28,701 - INFO:获取的项目为：
2019-04-02 10:46:28,716 - INFO:获取系统的项目信息为：{1: '0314课中', 2: '未来黑板', 3: '鹰眼计划', 4: '123', 5: '1.6备课接口设计', 6: '0905', 7: '课后', 8: '双师英语', 9: '1206课中', 10: '1206未来黑板', 11: '1210双师在线', 14: '直播端接口', 15: 'test', 16: '理科备播3月份项目', 17: '语文在线', 18: 'shuangshiceshi', 34: '321', 35: '双师英语bk', 38: '123456', 39: '190325未来黑板下线接口'}
2019-04-02 10:46:28,744 - INFO:获取的项目为：
2019-04-02 10:46:28,775 - INFO:获取系统的项目信息为：[{'id': 1, 'name': '0314课中', 'num': 42}, {'id': 2, 'name': '未来黑板', 'num': 25}, {'id': 3, 'name': '鹰眼计划', 'num': 8}, {'id': 4, 'name': '123', 'num': 1}, {'id': 5, 'name': '1.6备课接口设计', 'num': 16}, {'id': 6, 'name': '0905', 'num': 14}, {'id': 7, 'name': '课后', 'num': 0}, {'id': 8, 'name': '双师英语', 'num': 5}, {'id': 9, 'name': '1206课中', 'num': 29}, {'id': 10, 'name': '1206未来黑板', 'num': 21}, {'id': 11, 'name': '1210双师在线', 'num': 17}, {'id': 14, 'name': '直播端接口', 'num': 14}, {'id': 15, 'name': 'test', 'num': 29}, {'id': 16, 'name': '理科备播3月份项目', 'num': 3}, {'id': 17, 'name': '语文在线', 'num': 19}, {'id': 18, 'name': 'shuangshiceshi', 'num': 4}, {'id': 34, 'name': '321', 'num': 1}, {'id': 35, 'name': '双师英语bk', 'num': 5}, {'id': 38, 'name': '123456', 'num': 1}, {'id': 39, 'name': '190325未来黑板下线接口', 'num': 7}]
2019-04-02 14:07:38,479 - INFO:获取的项目为：123456
2019-04-02 14:07:38,480 - INFO:获取的项目为：123456
2019-04-02 14:07:38,582 - INFO:获取的项目123456参数信息为：[]
2019-04-02 14:07:44,241 - ERROR:[Errno 2] No such file or directory: 'tmp\\list.txt'
2019-04-02 14:08:24,678 - INFO:当前的项目为,当前的页数为1
2019-04-02 14:08:24,695 - INFO:系统共有参数：[{'id': 12, 'key': 'ip', 'value': 'test-sci-gateway.speiyou.com'}, {'id': 20, 'key': 'area', 'value': '010'}]
2019-04-02 14:08:25,601 - INFO:获取系统的项目信息为：{1: '0314课中', 2: '未来黑板', 3: '鹰眼计划', 4: '123', 5: '1.6备课接口设计', 6: '0905', 7: '课后', 8: '双师英语', 9: '1206课中', 10: '1206未来黑板', 11: '1210双师在线', 14: '直播端接口', 15: 'test', 16: '理科备播3月份项目', 17: '语文在线', 18: 'shuangshiceshi', 34: '321', 35: '双师英语bk', 38: '123456', 39: '190325未来黑板下线接口'}
2019-04-02 14:08:25,639 - INFO:获取的项目为：
2019-04-02 14:08:25,680 - INFO:获取的项目为：
2019-04-02 14:08:25,740 - INFO:获取系统的项目信息为：[{'id': 1, 'name': '0314课中', 'num': 42}, {'id': 2, 'name': '未来黑板', 'num': 25}, {'id': 3, 'name': '鹰眼计划', 'num': 8}, {'id': 4, 'name': '123', 'num': 1}, {'id': 5, 'name': '1.6备课接口设计', 'num': 16}, {'id': 6, 'name': '0905', 'num': 14}, {'id': 7, 'name': '课后', 'num': 0}, {'id': 8, 'name': '双师英语', 'num': 5}, {'id': 9, 'name': '1206课中', 'num': 29}, {'id': 10, 'name': '1206未来黑板', 'num': 21}, {'id': 11, 'name': '1210双师在线', 'num': 17}, {'id': 14, 'name': '直播端接口', 'num': 14}, {'id': 15, 'name': 'test', 'num': 29}, {'id': 16, 'name': '理科备播3月份项目', 'num': 3}, {'id': 17, 'name': '语文在线', 'num': 19}, {'id': 18, 'name': 'shuangshiceshi', 'num': 4}, {'id': 34, 'name': '321', 'num': 1}, {'id': 35, 'name': '双师英语bk', 'num': 5}, {'id': 38, 'name': '123456', 'num': 1}, {'id': 39, 'name': '190325未来黑板下线接口', 'num': 7}]
2019-04-02 14:08:29,282 - ERROR:[Errno 2] No such file or directory: 'tmp\\list.txt'
2019-04-02 14:11:37,578 - INFO:当前的项目为,当前的页数为1
2019-04-02 14:11:37,596 - INFO:系统共有参数：[{'id': 12, 'key': 'ip', 'value': 'test-sci-gateway.speiyou.com'}, {'id': 20, 'key': 'area', 'value': '010'}]
2019-04-02 14:11:37,704 - INFO:获取系统的项目信息为：{1: '0314课中', 2: '未来黑板', 3: '鹰眼计划', 4: '123', 5: '1.6备课接口设计', 6: '0905', 7: '课后', 8: '双师英语', 9: '1206课中', 10: '1206未来黑板', 11: '1210双师在线', 14: '直播端接口', 15: 'test', 16: '理科备播3月份项目', 17: '语文在线', 18: 'shuangshiceshi', 34: '321', 35: '双师英语bk', 38: '123456', 39: '190325未来黑板下线接口'}
2019-04-02 14:11:37,722 - INFO:获取的项目为：
2019-04-02 14:11:37,773 - INFO:获取的项目为：
2019-04-02 14:11:37,836 - INFO:获取系统的项目信息为：[{'id': 1, 'name': '0314课中', 'num': 42}, {'id': 2, 'name': '未来黑板', 'num': 25}, {'id': 3, 'name': '鹰眼计划', 'num': 8}, {'id': 4, 'name': '123', 'num': 1}, {'id': 5, 'name': '1.6备课接口设计', 'num': 16}, {'id': 6, 'name': '0905', 'num': 14}, {'id': 7, 'name': '课后', 'num': 0}, {'id': 8, 'name': '双师英语', 'num': 5}, {'id': 9, 'name': '1206课中', 'num': 29}, {'id': 10, 'name': '1206未来黑板', 'num': 21}, {'id': 11, 'name': '1210双师在线', 'num': 17}, {'id': 14, 'name': '直播端接口', 'num': 14}, {'id': 15, 'name': 'test', 'num': 29}, {'id': 16, 'name': '理科备播3月份项目', 'num': 3}, {'id': 17, 'name': '语文在线', 'num': 19}, {'id': 18, 'name': 'shuangshiceshi', 'num': 4}, {'id': 34, 'name': '321', 'num': 1}, {'id': 35, 'name': '双师英语bk', 'num': 5}, {'id': 38, 'name': '123456', 'num': 1}, {'id': 39, 'name': '190325未来黑板下线接口', 'num': 7}]
2019-04-02 14:11:41,354 - ERROR:[Errno 2] No such file or directory: 'list.txt'
2019-04-02 14:13:24,668 - INFO:当前的项目为,当前的页数为1
2019-04-02 14:13:24,680 - INFO:系统共有参数：[{'id': 12, 'key': 'ip', 'value': 'test-sci-gateway.speiyou.com'}, {'id': 20, 'key': 'area', 'value': '010'}]
2019-04-02 14:13:24,895 - INFO:获取系统的项目信息为：{1: '0314课中', 2: '未来黑板', 3: '鹰眼计划', 4: '123', 5: '1.6备课接口设计', 6: '0905', 7: '课后', 8: '双师英语', 9: '1206课中', 10: '1206未来黑板', 11: '1210双师在线', 14: '直播端接口', 15: 'test', 16: '理科备播3月份项目', 17: '语文在线', 18: 'shuangshiceshi', 34: '321', 35: '双师英语bk', 38: '123456', 39: '190325未来黑板下线接口'}
2019-04-02 14:13:24,918 - INFO:获取的项目为：
2019-04-02 14:13:24,976 - INFO:获取的项目为：
2019-04-02 14:13:24,991 - INFO:获取系统的项目信息为：[{'id': 1, 'name': '0314课中', 'num': 42}, {'id': 2, 'name': '未来黑板', 'num': 25}, {'id': 3, 'name': '鹰眼计划', 'num': 8}, {'id': 4, 'name': '123', 'num': 1}, {'id': 5, 'name': '1.6备课接口设计', 'num': 16}, {'id': 6, 'name': '0905', 'num': 14}, {'id': 7, 'name': '课后', 'num': 0}, {'id': 8, 'name': '双师英语', 'num': 5}, {'id': 9, 'name': '1206课中', 'num': 29}, {'id': 10, 'name': '1206未来黑板', 'num': 21}, {'id': 11, 'name': '1210双师在线', 'num': 17}, {'id': 14, 'name': '直播端接口', 'num': 14}, {'id': 15, 'name': 'test', 'num': 29}, {'id': 16, 'name': '理科备播3月份项目', 'num': 3}, {'id': 17, 'name': '语文在线', 'num': 19}, {'id': 18, 'name': 'shuangshiceshi', 'num': 4}, {'id': 34, 'name': '321', 'num': 1}, {'id': 35, 'name': '双师英语bk', 'num': 5}, {'id': 38, 'name': '123456', 'num': 1}, {'id': 39, 'name': '190325未来黑板下线接口', 'num': 7}]
2019-04-02 14:15:02,770 - INFO:当前的项目为,当前的页数为1
2019-04-02 14:15:02,783 - INFO:系统共有参数：[{'id': 12, 'key': 'ip', 'value': 'test-sci-gateway.speiyou.com'}, {'id': 20, 'key': 'area', 'value': '010'}]
2019-04-02 14:15:02,950 - INFO:获取系统的项目信息为：{1: '0314课中', 2: '未来黑板', 3: '鹰眼计划', 4: '123', 5: '1.6备课接口设计', 6: '0905', 7: '课后', 8: '双师英语', 9: '1206课中', 10: '1206未来黑板', 11: '1210双师在线', 14: '直播端接口', 15: 'test', 16: '理科备播3月份项目', 17: '语文在线', 18: 'shuangshiceshi', 34: '321', 35: '双师英语bk', 38: '123456', 39: '190325未来黑板下线接口'}
2019-04-02 14:15:02,979 - INFO:获取的项目为：
2019-04-02 14:15:03,021 - INFO:获取的项目为：
2019-04-02 14:15:03,045 - INFO:获取系统的项目信息为：[{'id': 1, 'name': '0314课中', 'num': 42}, {'id': 2, 'name': '未来黑板', 'num': 25}, {'id': 3, 'name': '鹰眼计划', 'num': 8}, {'id': 4, 'name': '123', 'num': 1}, {'id': 5, 'name': '1.6备课接口设计', 'num': 16}, {'id': 6, 'name': '0905', 'num': 14}, {'id': 7, 'name': '课后', 'num': 0}, {'id': 8, 'name': '双师英语', 'num': 5}, {'id': 9, 'name': '1206课中', 'num': 29}, {'id': 10, 'name': '1206未来黑板', 'num': 21}, {'id': 11, 'name': '1210双师在线', 'num': 17}, {'id': 14, 'name': '直播端接口', 'num': 14}, {'id': 15, 'name': 'test', 'num': 29}, {'id': 16, 'name': '理科备播3月份项目', 'num': 3}, {'id': 17, 'name': '语文在线', 'num': 19}, {'id': 18, 'name': 'shuangshiceshi', 'num': 4}, {'id': 34, 'name': '321', 'num': 1}, {'id': 35, 'name': '双师英语bk', 'num': 5}, {'id': 38, 'name': '123456', 'num': 1}, {'id': 39, 'name': '190325未来黑板下线接口', 'num': 7}]
2019-04-02 14:15:40,346 - INFO:当前的项目为,当前的页数为1
2019-04-02 14:15:40,355 - INFO:系统共有参数：[{'id': 12, 'key': 'ip', 'value': 'test-sci-gateway.speiyou.com'}, {'id': 20, 'key': 'area', 'value': '010'}]
2019-04-02 14:15:41,162 - INFO:获取系统的项目信息为：{1: '0314课中', 2: '未来黑板', 3: '鹰眼计划', 4: '123', 5: '1.6备课接口设计', 6: '0905', 7: '课后', 8: '双师英语', 9: '1206课中', 10: '1206未来黑板', 11: '1210双师在线', 14: '直播端接口', 15: 'test', 16: '理科备播3月份项目', 17: '语文在线', 18: 'shuangshiceshi', 34: '321', 35: '双师英语bk', 38: '123456', 39: '190325未来黑板下线接口'}
2019-04-02 14:15:41,196 - INFO:获取的项目为：
2019-04-02 14:15:41,242 - INFO:获取的项目为：
2019-04-02 14:15:41,255 - INFO:获取系统的项目信息为：[{'id': 1, 'name': '0314课中', 'num': 42}, {'id': 2, 'name': '未来黑板', 'num': 25}, {'id': 3, 'name': '鹰眼计划', 'num': 8}, {'id': 4, 'name': '123', 'num': 1}, {'id': 5, 'name': '1.6备课接口设计', 'num': 16}, {'id': 6, 'name': '0905', 'num': 14}, {'id': 7, 'name': '课后', 'num': 0}, {'id': 8, 'name': '双师英语', 'num': 5}, {'id': 9, 'name': '1206课中', 'num': 29}, {'id': 10, 'name': '1206未来黑板', 'num': 21}, {'id': 11, 'name': '1210双师在线', 'num': 17}, {'id': 14, 'name': '直播端接口', 'num': 14}, {'id': 15, 'name': 'test', 'num': 29}, {'id': 16, 'name': '理科备播3月份项目', 'num': 3}, {'id': 17, 'name': '语文在线', 'num': 19}, {'id': 18, 'name': 'shuangshiceshi', 'num': 4}, {'id': 34, 'name': '321', 'num': 1}, {'id': 35, 'name': '双师英语bk', 'num': 5}, {'id': 38, 'name': '123456', 'num': 1}, {'id': 39, 'name': '190325未来黑板下线接口', 'num': 7}]
